Swarm simulation started at 26-02-2026 10:15:00.06 
2026-02-26 10:15:00,384 [SAT_01] INFO: Starting node on port 5001 with peers [5002, 5003]
2026-02-26 10:15:00,386 [SAT_01] INFO: Listener thread started on port 5001
2026-02-26 10:15:01,474 [SAT_02] INFO: Starting node on port 5002 with peers [5001, 5003]
2026-02-26 10:15:01,476 [SAT_02] INFO: Listener thread started on port 5002
2026-02-26 10:15:02,391 [SAT_03] INFO: Starting node on port 5003 with peers [5001, 5002]
2026-02-26 10:15:02,401 [SAT_03] INFO: Listener thread started on port 5003
2026-02-26 10:18:04,427 [SAT_01] INFO: Received task: IMAGING at SECTOR_1
2026-02-26 10:18:04,427 [SAT_01] INFO: Task received: IMAGING at SECTOR_1
2026-02-26 10:18:04,427 [SAT_02] INFO: Received task: IMAGING at SECTOR_1
2026-02-26 10:18:04,428 [SAT_03] INFO: Received task: IMAGING at SECTOR_1
2026-02-26 10:18:04,428 [SAT_01] INFO: My bid score: 50.00
2026-02-26 10:18:04,428 [SAT_02] INFO: Task received: IMAGING at SECTOR_1
2026-02-26 10:18:04,428 [SAT_03] INFO: Task received: IMAGING at SECTOR_1
2026-02-26 10:18:04,428 [SAT_03] INFO: My bid score: 50.00
2026-02-26 10:18:04,428 [SAT_02] INFO: My bid score: 50.00
2026-02-26 10:18:06,429 [SAT_01] INFO: CONSENSUS REACHED: WINNER! Score 50.00 beats []
2026-02-26 10:18:06,430 [SAT_01] INFO: Executing task: {'type': 'TASK_BROADCAST', 'task': 'IMAGING', 'location': 'SECTOR_1', 'timestamp': '2026-02-26T10:18:04.426518', 'priority': 1}
2026-02-26 10:18:06,429 [SAT_02] INFO: CONSENSUS REACHED: WINNER! Score 50.00 beats []
2026-02-26 10:18:06,432 [SAT_02] INFO: Executing task: {'type': 'TASK_BROADCAST', 'task': 'IMAGING', 'location': 'SECTOR_1', 'timestamp': '2026-02-26T10:18:04.426518', 'priority': 1}
2026-02-26 10:18:06,430 [SAT_03] INFO: CONSENSUS REACHED: WINNER! Score 50.00 beats []
2026-02-26 10:18:06,432 [SAT_03] INFO: Executing task: {'type': 'TASK_BROADCAST', 'task': 'IMAGING', 'location': 'SECTOR_1', 'timestamp': '2026-02-26T10:18:04.426518', 'priority': 1}
2026-02-26 10:18:09,431 [SAT_01] INFO: Task execution complete. Battery: 80.0%, Status: IDLE
2026-02-26 10:18:09,433 [SAT_03] INFO: Task execution complete. Battery: 80.0%, Status: IDLE
2026-02-26 10:18:09,433 [SAT_02] INFO: Task execution complete. Battery: 80.0%, Status: IDLE
2026-02-26 10:18:09,447 [SAT_02] INFO: Received task: IMAGING at SECTOR_1
2026-02-26 10:18:09,447 [SAT_02] INFO: Task received: IMAGING at SECTOR_1
2026-02-26 10:18:09,447 [SAT_02] INFO: My bid score: 40.00
2026-02-26 10:18:09,447 [SAT_01] INFO: Received task: IMAGING at SECTOR_1
2026-02-26 10:18:09,448 [SAT_03] INFO: Received task: IMAGING at SECTOR_1
2026-02-26 10:18:09,448 [SAT_01] INFO: Task received: IMAGING at SECTOR_1
2026-02-26 10:18:09,448 [SAT_01] INFO: My bid score: 40.00
2026-02-26 10:18:09,448 [SAT_03] INFO: Task received: IMAGING at SECTOR_1
2026-02-26 10:18:09,448 [SAT_03] INFO: My bid score: 40.00
2026-02-26 10:18:11,448 [SAT_02] INFO: CONSENSUS REACHED: WINNER! Score 40.00 beats []
2026-02-26 10:18:11,448 [SAT_01] INFO: CONSENSUS REACHED: WINNER! Score 40.00 beats []
2026-02-26 10:18:11,449 [SAT_02] INFO: Executing task: {'type': 'TASK_BROADCAST', 'task': 'IMAGING', 'location': 'SECTOR_1', 'timestamp': '2026-02-26T10:18:09.428794', 'priority': 1}
2026-02-26 10:18:11,449 [SAT_01] INFO: Executing task: {'type': 'TASK_BROADCAST', 'task': 'IMAGING', 'location': 'SECTOR_1', 'timestamp': '2026-02-26T10:18:09.428794', 'priority': 1}
2026-02-26 10:18:11,449 [SAT_03] INFO: CONSENSUS REACHED: WINNER! Score 40.00 beats []
2026-02-26 10:18:11,449 [SAT_03] INFO: Executing task: {'type': 'TASK_BROADCAST', 'task': 'IMAGING', 'location': 'SECTOR_1', 'timestamp': '2026-02-26T10:18:09.428794', 'priority': 1}
2026-02-26 10:18:14,449 [SAT_03] INFO: Task execution complete. Battery: 60.0%, Status: IDLE
2026-02-26 10:18:14,449 [SAT_01] INFO: Task execution complete. Battery: 60.0%, Status: IDLE
2026-02-26 10:18:14,450 [SAT_02] INFO: Task execution complete. Battery: 60.0%, Status: IDLE
2026-02-26 10:18:14,472 [SAT_02] INFO: Received task: IMAGING at SECTOR_1
2026-02-26 10:18:14,472 [SAT_03] INFO: Received task: IMAGING at SECTOR_1
2026-02-26 10:18:14,472 [SAT_03] INFO: Task received: IMAGING at SECTOR_1
2026-02-26 10:18:14,472 [SAT_02] INFO: Task received: IMAGING at SECTOR_1
2026-02-26 10:18:14,472 [SAT_01] INFO: Received task: IMAGING at SECTOR_1
2026-02-26 10:18:14,473 [SAT_03] INFO: My bid score: 30.00
2026-02-26 10:18:14,473 [SAT_02] INFO: My bid score: 30.00
2026-02-26 10:18:14,473 [SAT_01] INFO: Task received: IMAGING at SECTOR_1
2026-02-26 10:18:14,473 [SAT_01] INFO: My bid score: 30.00
2026-02-26 10:18:16,473 [SAT_02] INFO: CONSENSUS REACHED: WINNER! Score 30.00 beats []
2026-02-26 10:18:16,473 [SAT_03] INFO: CONSENSUS REACHED: WINNER! Score 30.00 beats []
2026-02-26 10:18:16,474 [SAT_02] INFO: Executing task: {'type': 'TASK_BROADCAST', 'task': 'IMAGING', 'location': 'SECTOR_1', 'timestamp': '2026-02-26T10:18:14.429652', 'priority': 1}
2026-02-26 10:18:16,474 [SAT_01] INFO: CONSENSUS REACHED: WINNER! Score 30.00 beats []
2026-02-26 10:18:16,475 [SAT_01] INFO: Executing task: {'type': 'TASK_BROADCAST', 'task': 'IMAGING', 'location': 'SECTOR_1', 'timestamp': '2026-02-26T10:18:14.429652', 'priority': 1}
2026-02-26 10:18:16,475 [SAT_03] INFO: Executing task: {'type': 'TASK_BROADCAST', 'task': 'IMAGING', 'location': 'SECTOR_1', 'timestamp': '2026-02-26T10:18:14.429652', 'priority': 1}
2026-02-26 10:18:19,475 [SAT_02] INFO: Task execution complete. Battery: 40.0%, Status: IDLE
2026-02-26 10:18:19,476 [SAT_01] INFO: Task execution complete. Battery: 40.0%, Status: IDLE
2026-02-26 10:18:19,476 [SAT_03] INFO: Task execution complete. Battery: 40.0%, Status: IDLE
2026-02-26 10:18:19,499 [SAT_02] INFO: Received task: IMAGING at SECTOR_1
2026-02-26 10:18:19,499 [SAT_03] INFO: Received task: IMAGING at SECTOR_1
2026-02-26 10:18:19,500 [SAT_01] INFO: Received task: IMAGING at SECTOR_1
2026-02-26 10:18:19,500 [SAT_02] INFO: Task received: IMAGING at SECTOR_1
2026-02-26 10:18:19,500 [SAT_03] INFO: Task received: IMAGING at SECTOR_1
2026-02-26 10:18:19,500 [SAT_02] INFO: My bid score: 20.00
2026-02-26 10:18:19,500 [SAT_01] INFO: Task received: IMAGING at SECTOR_1
2026-02-26 10:18:19,500 [SAT_03] INFO: My bid score: 20.00
2026-02-26 10:18:19,501 [SAT_01] INFO: My bid score: 20.25
2026-02-26 10:18:21,501 [SAT_01] INFO: CONSENSUS REACHED: WINNER! Score 20.25 beats []
2026-02-26 10:18:21,501 [SAT_02] INFO: CONSENSUS REACHED: WINNER! Score 20.00 beats []
2026-02-26 10:18:21,501 [SAT_03] INFO: CONSENSUS REACHED: WINNER! Score 20.00 beats []
2026-02-26 10:18:21,505 [SAT_01] INFO: Executing task: {'type': 'TASK_BROADCAST', 'task': 'IMAGING', 'location': 'SECTOR_1', 'timestamp': '2026-02-26T10:18:19.432320', 'priority': 1}
2026-02-26 10:18:21,506 [SAT_02] INFO: Executing task: {'type': 'TASK_BROADCAST', 'task': 'IMAGING', 'location': 'SECTOR_1', 'timestamp': '2026-02-26T10:18:19.432320', 'priority': 1}
2026-02-26 10:18:21,506 [SAT_03] INFO: Executing task: {'type': 'TASK_BROADCAST', 'task': 'IMAGING', 'location': 'SECTOR_1', 'timestamp': '2026-02-26T10:18:19.432320', 'priority': 1}
2026-02-26 10:18:24,506 [SAT_01] INFO: Task execution complete. Battery: 20.5%, Status: IDLE
2026-02-26 10:18:24,506 [SAT_02] INFO: Task execution complete. Battery: 20.0%, Status: IDLE
2026-02-26 10:18:24,506 [SAT_03] INFO: Task execution complete. Battery: 20.0%, Status: IDLE
2026-02-26 10:18:24,530 [SAT_02] INFO: Received task: IMAGING at SECTOR_1
2026-02-26 10:18:24,530 [SAT_01] INFO: Received task: IMAGING at SECTOR_1
2026-02-26 10:18:24,530 [SAT_03] INFO: Received task: IMAGING at SECTOR_1
2026-02-26 10:18:24,532 [SAT_02] INFO: Task received: IMAGING at SECTOR_1
2026-02-26 10:18:24,532 [SAT_01] INFO: Task received: IMAGING at SECTOR_1
2026-02-26 10:18:24,532 [SAT_03] INFO: Task received: IMAGING at SECTOR_1
2026-02-26 10:18:24,533 [SAT_02] INFO: My bid score: 10.00
2026-02-26 10:18:24,533 [SAT_01] INFO: My bid score: 10.25
2026-02-26 10:18:24,533 [SAT_03] INFO: My bid score: 10.25
2026-02-26 10:18:26,536 [SAT_01] INFO: CONSENSUS REACHED: WINNER! Score 10.25 beats []
2026-02-26 10:18:26,536 [SAT_02] INFO: CONSENSUS REACHED: WINNER! Score 10.00 beats []
2026-02-26 10:18:26,536 [SAT_03] INFO: CONSENSUS REACHED: WINNER! Score 10.25 beats []
2026-02-26 10:18:26,541 [SAT_03] INFO: Executing task: {'type': 'TASK_BROADCAST', 'task': 'IMAGING', 'location': 'SECTOR_1', 'timestamp': '2026-02-26T10:18:24.434492', 'priority': 1}
2026-02-26 10:18:26,541 [SAT_01] INFO: Executing task: {'type': 'TASK_BROADCAST', 'task': 'IMAGING', 'location': 'SECTOR_1', 'timestamp': '2026-02-26T10:18:24.434492', 'priority': 1}
2026-02-26 10:18:26,541 [SAT_02] INFO: Executing task: {'type': 'TASK_BROADCAST', 'task': 'IMAGING', 'location': 'SECTOR_1', 'timestamp': '2026-02-26T10:18:24.434492', 'priority': 1}
2026-02-26 10:18:29,541 [SAT_01] INFO: Task execution complete. Battery: 0.5%, Status: IDLE
2026-02-26 10:18:29,541 [SAT_03] INFO: Task execution complete. Battery: 0.5%, Status: IDLE
2026-02-26 10:18:29,542 [SAT_02] INFO: Task execution complete. Battery: 0.0%, Status: IDLE
2026-02-26 10:19:03,887 [SAT_03] INFO: Shutdown signal received
2026-02-26 10:19:03,888 [SAT_03] INFO: Node SAT_03 shutting down
2026-02-26 10:19:20,840 [SAT_02] INFO: Shutdown signal received
2026-02-26 10:19:20,841 [SAT_02] INFO: Node SAT_02 shutting down
2026-02-26 10:19:25,346 [SAT_01] INFO: Shutdown signal received
2026-02-26 10:19:25,346 [SAT_01] INFO: Node SAT_01 shutting down
2026-02-26 10:20:22,345 [SAT_01] INFO: Starting node on port 5001 with peers [5002, 5003]
2026-02-26 10:20:22,347 [SAT_01] INFO: Listener thread started on port 5001
2026-02-26 10:20:23,500 [SAT_02] INFO: Starting node on port 5002 with peers [5001, 5003]
2026-02-26 10:20:23,502 [SAT_02] INFO: Listener thread started on port 5002
2026-02-26 10:20:24,505 [SAT_03] INFO: Starting node on port 5003 with peers [5001, 5002]
2026-02-26 10:20:24,507 [SAT_03] INFO: Listener thread started on port 5003
2026-02-26 10:22:45,307 [SAT_01] INFO: Received task: IMAGING at SECTOR_1
2026-02-26 10:22:45,307 [SAT_01] INFO: Task received: IMAGING at SECTOR_1
2026-02-26 10:22:45,308 [SAT_01] INFO: My bid score: 50.00
2026-02-26 10:22:45,308 [SAT_02] INFO: Received task: IMAGING at SECTOR_1
2026-02-26 10:22:45,308 [SAT_02] INFO: Task received: IMAGING at SECTOR_1
2026-02-26 10:22:45,308 [SAT_03] INFO: Received task: IMAGING at SECTOR_1
2026-02-26 10:22:45,309 [SAT_02] INFO: My bid score: 50.00
2026-02-26 10:22:45,309 [SAT_03] INFO: Task received: IMAGING at SECTOR_1
2026-02-26 10:22:45,309 [SAT_03] INFO: My bid score: 50.00
2026-02-26 10:22:47,308 [SAT_01] INFO: CONSENSUS REACHED: WINNER! Score 50.00 beats []
2026-02-26 10:22:47,309 [SAT_01] INFO: Executing task: {'type': 'TASK_BROADCAST', 'task': 'IMAGING', 'location': 'SECTOR_1', 'timestamp': '2026-02-26T10:22:45.305907', 'priority': 1}
2026-02-26 10:22:47,309 [SAT_02] INFO: CONSENSUS REACHED: WINNER! Score 50.00 beats []
2026-02-26 10:22:47,310 [SAT_02] INFO: Executing task: {'type': 'TASK_BROADCAST', 'task': 'IMAGING', 'location': 'SECTOR_1', 'timestamp': '2026-02-26T10:22:45.305907', 'priority': 1}
2026-02-26 10:22:47,310 [SAT_03] INFO: CONSENSUS REACHED: WINNER! Score 50.00 beats []
2026-02-26 10:22:47,310 [SAT_03] INFO: Executing task: {'type': 'TASK_BROADCAST', 'task': 'IMAGING', 'location': 'SECTOR_1', 'timestamp': '2026-02-26T10:22:45.305907', 'priority': 1}
2026-02-26 10:22:48,460 [SAT_03] INFO: Shutdown signal received
2026-02-26 10:22:48,460 [SAT_03] INFO: Node SAT_03 shutting down
2026-02-26 10:22:49,581 [SAT_01] INFO: Shutdown signal received
2026-02-26 10:22:49,581 [SAT_01] INFO: Node SAT_01 shutting down
2026-02-26 10:22:50,311 [SAT_02] INFO: Task execution complete. Battery: 80.0%, Status: IDLE
2026-02-26 10:22:50,332 [SAT_02] INFO: Received task: IMAGING at SECTOR_1
2026-02-26 10:22:50,332 [SAT_02] INFO: Task received: IMAGING at SECTOR_1
2026-02-26 10:22:50,333 [SAT_02] INFO: My bid score: 40.00
2026-02-26 10:22:50,894 [SAT_02] INFO: Shutdown signal received
2026-02-26 10:22:50,895 [SAT_02] INFO: Node SAT_02 shutting down
2026-02-26 10:26:30,650 [SAT_01] INFO: Starting node on port 5001 with peers [5002, 5003]
2026-02-26 10:26:30,651 [SAT_01] INFO: Listener thread started on port 5001
2026-02-26 10:26:31,445 [SAT_02] INFO: Starting node on port 5002 with peers [5001, 5003]
2026-02-26 10:26:31,447 [SAT_02] INFO: Listener thread started on port 5002
2026-02-26 10:26:32,463 [SAT_03] INFO: Starting node on port 5003 with peers [5001, 5002]
2026-02-26 10:26:32,465 [SAT_03] INFO: Listener thread started on port 5003
2026-02-26 10:28:25,109 [SAT_01] INFO: Received task: IMAGING at SECTOR_1
2026-02-26 10:28:25,109 [SAT_02] INFO: Received task: IMAGING at SECTOR_1
2026-02-26 10:28:25,110 [SAT_02] INFO: Task received: IMAGING at SECTOR_1
2026-02-26 10:28:25,110 [SAT_03] INFO: Received task: IMAGING at SECTOR_1
2026-02-26 10:28:25,110 [SAT_01] INFO: Task received: IMAGING at SECTOR_1
2026-02-26 10:28:25,113 [SAT_01] INFO: My bid score: 50.00
2026-02-26 10:28:25,112 [SAT_02] INFO: My bid score: 50.00
2026-02-26 10:28:25,112 [SAT_03] INFO: Task received: IMAGING at SECTOR_1
2026-02-26 10:28:25,114 [SAT_03] INFO: My bid score: 50.00
2026-02-26 10:28:27,114 [SAT_01] INFO: CONSENSUS REACHED: WINNER! Score 50.00 beats []
2026-02-26 10:28:27,115 [SAT_02] INFO: CONSENSUS REACHED: WINNER! Score 50.00 beats []
2026-02-26 10:28:27,115 [SAT_01] INFO: Executing task: {'type': 'TASK_BROADCAST', 'task': 'IMAGING', 'location': 'SECTOR_1', 'timestamp': '2026-02-26T10:28:25.108238', 'priority': 1}
2026-02-26 10:28:27,115 [SAT_02] INFO: Executing task: {'type': 'TASK_BROADCAST', 'task': 'IMAGING', 'location': 'SECTOR_1', 'timestamp': '2026-02-26T10:28:25.108238', 'priority': 1}
2026-02-26 10:28:27,115 [SAT_03] INFO: CONSENSUS REACHED: WINNER! Score 50.00 beats []
2026-02-26 10:28:27,116 [SAT_03] INFO: Executing task: {'type': 'TASK_BROADCAST', 'task': 'IMAGING', 'location': 'SECTOR_1', 'timestamp': '2026-02-26T10:28:25.108238', 'priority': 1}
2026-02-26 10:28:30,115 [SAT_01] INFO: Task execution complete. Battery: 80.0%, Status: IDLE
2026-02-26 10:28:30,115 [SAT_02] INFO: Task execution complete. Battery: 80.0%, Status: IDLE
2026-02-26 10:28:30,116 [SAT_03] INFO: Task execution complete. Battery: 80.0%, Status: IDLE
2026-02-26 10:28:30,132 [SAT_01] INFO: Received task: IMAGING at SECTOR_1
2026-02-26 10:28:30,132 [SAT_03] INFO: Received task: IMAGING at SECTOR_1
2026-02-26 10:28:30,133 [SAT_02] INFO: Received task: IMAGING at SECTOR_1
2026-02-26 10:28:30,137 [SAT_01] INFO: Task received: IMAGING at SECTOR_1
2026-02-26 10:28:30,137 [SAT_03] INFO: Task received: IMAGING at SECTOR_1
2026-02-26 10:28:30,137 [SAT_02] INFO: Task received: IMAGING at SECTOR_1
2026-02-26 10:28:30,138 [SAT_01] INFO: My bid score: 40.00
2026-02-26 10:28:30,138 [SAT_03] INFO: My bid score: 40.00
2026-02-26 10:28:30,138 [SAT_02] INFO: My bid score: 40.00
2026-02-26 10:28:31,544 [SAT_01] INFO: Shutdown signal received
2026-02-26 10:28:31,546 [SAT_01] INFO: Node SAT_01 shutting down
2026-02-26 10:28:32,140 [SAT_02] INFO: CONSENSUS REACHED: WINNER! Score 40.00 beats []
2026-02-26 10:28:32,140 [SAT_03] INFO: CONSENSUS REACHED: WINNER! Score 40.00 beats []
2026-02-26 10:28:32,141 [SAT_02] INFO: Executing task: {'type': 'TASK_BROADCAST', 'task': 'IMAGING', 'location': 'SECTOR_1', 'timestamp': '2026-02-26T10:28:30.109916', 'priority': 1}
2026-02-26 10:28:32,141 [SAT_03] INFO: Executing task: {'type': 'TASK_BROADCAST', 'task': 'IMAGING', 'location': 'SECTOR_1', 'timestamp': '2026-02-26T10:28:30.109916', 'priority': 1}
2026-02-26 10:28:32,817 [SAT_02] INFO: Shutdown signal received
2026-02-26 10:28:32,819 [SAT_02] INFO: Node SAT_02 shutting down
2026-02-26 10:28:35,141 [SAT_03] INFO: Task execution complete. Battery: 60.0%, Status: IDLE
2026-02-26 10:28:35,174 [SAT_03] INFO: Received task: IMAGING at SECTOR_1
2026-02-26 10:28:35,175 [SAT_03] INFO: Task received: IMAGING at SECTOR_1
2026-02-26 10:28:35,175 [SAT_03] INFO: My bid score: 30.00
2026-02-26 10:28:35,220 [SAT_03] INFO: Shutdown signal received
2026-02-26 10:28:35,220 [SAT_03] INFO: Node SAT_03 shutting down
2026-02-26 10:28:57,575 [SAT_01] INFO: Starting node on port 5001 with peers [5002, 5003]
2026-02-26 10:28:57,578 [SAT_01] INFO: Listener thread started on port 5001
2026-02-26 10:28:58,441 [SAT_02] INFO: Starting node on port 5002 with peers [5001, 5003]
2026-02-26 10:28:58,442 [SAT_02] INFO: Listener thread started on port 5002
2026-02-26 10:28:59,473 [SAT_03] INFO: Starting node on port 5003 with peers [5001, 5002]
2026-02-26 10:28:59,475 [SAT_03] INFO: Listener thread started on port 5003
2026-02-26 10:29:47,497 [SAT_01] INFO: Received task: IMAGING at SECTOR_1
2026-02-26 10:29:47,497 [SAT_02] INFO: Received task: IMAGING at SECTOR_1
2026-02-26 10:29:47,498 [SAT_03] INFO: Received task: IMAGING at SECTOR_1
2026-02-26 10:29:47,498 [SAT_01] INFO: Task received: IMAGING at SECTOR_1
2026-02-26 10:29:47,498 [SAT_02] INFO: Task received: IMAGING at SECTOR_1
2026-02-26 10:29:47,501 [SAT_03] INFO: Task received: IMAGING at SECTOR_1
2026-02-26 10:29:47,501 [SAT_01] INFO: My bid score: 50.00
2026-02-26 10:29:47,501 [SAT_02] INFO: My bid score: 50.00
2026-02-26 10:29:47,502 [SAT_03] INFO: My bid score: 50.00
2026-02-26 10:29:49,502 [SAT_01] INFO: CONSENSUS REACHED: WINNER! Score 50.00 beats []
2026-02-26 10:29:49,503 [SAT_01] INFO: Executing task: {'type': 'TASK_BROADCAST', 'task': 'IMAGING', 'location': 'SECTOR_1', 'timestamp': '2026-02-26T10:29:47.496718', 'priority': 1}
2026-02-26 10:29:49,503 [SAT_03] INFO: CONSENSUS REACHED: WINNER! Score 50.00 beats []
2026-02-26 10:29:49,504 [SAT_02] INFO: CONSENSUS REACHED: WINNER! Score 50.00 beats []
2026-02-26 10:29:49,504 [SAT_03] INFO: Executing task: {'type': 'TASK_BROADCAST', 'task': 'IMAGING', 'location': 'SECTOR_1', 'timestamp': '2026-02-26T10:29:47.496718', 'priority': 1}
2026-02-26 10:29:49,504 [SAT_02] INFO: Executing task: {'type': 'TASK_BROADCAST', 'task': 'IMAGING', 'location': 'SECTOR_1', 'timestamp': '2026-02-26T10:29:47.496718', 'priority': 1}
2026-02-26 10:29:52,504 [SAT_01] INFO: Task execution complete. Battery: 80.0%, Status: IDLE
2026-02-26 10:29:52,505 [SAT_02] INFO: Task execution complete. Battery: 80.0%, Status: IDLE
2026-02-26 10:29:52,505 [SAT_03] INFO: Task execution complete. Battery: 80.0%, Status: IDLE
2026-02-26 10:29:52,534 [SAT_01] INFO: Received task: IMAGING at SECTOR_1
2026-02-26 10:29:52,535 [SAT_01] INFO: Task received: IMAGING at SECTOR_1
2026-02-26 10:29:52,535 [SAT_02] INFO: Received task: IMAGING at SECTOR_1
2026-02-26 10:29:52,536 [SAT_01] INFO: My bid score: 40.00
2026-02-26 10:29:52,536 [SAT_03] INFO: Received task: IMAGING at SECTOR_1
2026-02-26 10:29:52,536 [SAT_03] INFO: Task received: IMAGING at SECTOR_1
2026-02-26 10:29:52,536 [SAT_02] INFO: My bid score: 40.00
2026-02-26 10:29:52,537 [SAT_03] INFO: My bid score: 40.25
2026-02-26 10:29:54,537 [SAT_01] INFO: CONSENSUS REACHED: WINNER! Score 40.00 beats []
2026-02-26 10:29:54,537 [SAT_02] INFO: CONSENSUS REACHED: WINNER! Score 40.00 beats []
2026-02-26 10:29:54,537 [SAT_01] INFO: Executing task: {'type': 'TASK_BROADCAST', 'task': 'IMAGING', 'location': 'SECTOR_1', 'timestamp': '2026-02-26T10:29:52.499258', 'priority': 1}
2026-02-26 10:29:54,538 [SAT_02] INFO: Executing task: {'type': 'TASK_BROADCAST', 'task': 'IMAGING', 'location': 'SECTOR_1', 'timestamp': '2026-02-26T10:29:52.499258', 'priority': 1}
2026-02-26 10:29:54,538 [SAT_03] INFO: CONSENSUS REACHED: WINNER! Score 40.25 beats []
2026-02-26 10:29:54,539 [SAT_03] INFO: Executing task: {'type': 'TASK_BROADCAST', 'task': 'IMAGING', 'location': 'SECTOR_1', 'timestamp': '2026-02-26T10:29:52.499258', 'priority': 1}
2026-02-26 10:29:57,539 [SAT_02] INFO: Task execution complete. Battery: 60.0%, Status: IDLE
2026-02-26 10:29:57,539 [SAT_01] INFO: Task execution complete. Battery: 60.0%, Status: IDLE
2026-02-26 10:29:57,541 [SAT_03] INFO: Task execution complete. Battery: 60.5%, Status: IDLE
2026-02-26 10:29:57,569 [SAT_02] INFO: Received task: IMAGING at SECTOR_1
2026-02-26 10:29:57,572 [SAT_03] INFO: Received task: IMAGING at SECTOR_1
2026-02-26 10:29:57,573 [SAT_01] INFO: Received task: IMAGING at SECTOR_1
2026-02-26 10:29:57,578 [SAT_03] INFO: Task received: IMAGING at SECTOR_1
2026-02-26 10:29:57,579 [SAT_01] INFO: Task received: IMAGING at SECTOR_1
2026-02-26 10:29:57,580 [SAT_03] INFO: My bid score: 30.25
2026-02-26 10:29:57,580 [SAT_02] INFO: My bid score: 30.00
2026-02-26 10:29:57,582 [SAT_01] INFO: My bid score: 30.00
2026-02-26 10:29:59,585 [SAT_02] INFO: CONSENSUS REACHED: WINNER! Score 30.00 beats []
2026-02-26 10:29:59,585 [SAT_01] INFO: CONSENSUS REACHED: WINNER! Score 30.00 beats []
2026-02-26 10:29:59,585 [SAT_03] INFO: CONSENSUS REACHED: WINNER! Score 30.25 beats []
2026-02-26 10:29:59,586 [SAT_02] INFO: Executing task: {'type': 'TASK_BROADCAST', 'task': 'IMAGING', 'location': 'SECTOR_1', 'timestamp': '2026-02-26T10:29:57.512588', 'priority': 1}
2026-02-26 10:29:59,586 [SAT_01] INFO: Executing task: {'type': 'TASK_BROADCAST', 'task': 'IMAGING', 'location': 'SECTOR_1', 'timestamp': '2026-02-26T10:29:57.512588', 'priority': 1}
2026-02-26 10:29:59,586 [SAT_03] INFO: Executing task: {'type': 'TASK_BROADCAST', 'task': 'IMAGING', 'location': 'SECTOR_1', 'timestamp': '2026-02-26T10:29:57.512588', 'priority': 1}
2026-02-26 10:30:02,590 [SAT_02] INFO: Task execution complete. Battery: 40.0%, Status: IDLE
2026-02-26 10:30:02,590 [SAT_01] INFO: Task execution complete. Battery: 40.0%, Status: IDLE
2026-02-26 10:30:02,591 [SAT_03] INFO: Task execution complete. Battery: 40.5%, Status: IDLE
2026-02-26 10:30:02,623 [SAT_02] INFO: Received task: IMAGING at SECTOR_1
2026-02-26 10:30:02,625 [SAT_03] INFO: Received task: IMAGING at SECTOR_1
2026-02-26 10:30:02,624 [SAT_02] INFO: Task received: IMAGING at SECTOR_1
2026-02-26 10:30:02,625 [SAT_03] INFO: Task received: IMAGING at SECTOR_1
2026-02-26 10:30:02,625 [SAT_02] INFO: My bid score: 20.00
2026-02-26 10:30:02,626 [SAT_03] INFO: My bid score: 20.25
2026-02-26 10:30:02,627 [SAT_01] INFO: Received task: IMAGING at SECTOR_1
2026-02-26 10:30:02,629 [SAT_01] INFO: Task received: IMAGING at SECTOR_1
2026-02-26 10:30:02,630 [SAT_01] INFO: My bid score: 20.25
2026-02-26 10:30:04,627 [SAT_02] INFO: CONSENSUS REACHED: WINNER! Score 20.00 beats []
2026-02-26 10:30:04,627 [SAT_03] INFO: CONSENSUS REACHED: WINNER! Score 20.25 beats []
2026-02-26 10:30:04,628 [SAT_02] INFO: Executing task: {'type': 'TASK_BROADCAST', 'task': 'IMAGING', 'location': 'SECTOR_1', 'timestamp': '2026-02-26T10:30:02.517428', 'priority': 1}
2026-02-26 10:30:04,628 [SAT_03] INFO: Executing task: {'type': 'TASK_BROADCAST', 'task': 'IMAGING', 'location': 'SECTOR_1', 'timestamp': '2026-02-26T10:30:02.517428', 'priority': 1}
2026-02-26 10:30:04,632 [SAT_01] INFO: CONSENSUS REACHED: WINNER! Score 20.25 beats []
2026-02-26 10:30:04,632 [SAT_01] INFO: Executing task: {'type': 'TASK_BROADCAST', 'task': 'IMAGING', 'location': 'SECTOR_1', 'timestamp': '2026-02-26T10:30:02.517428', 'priority': 1}
2026-02-26 10:30:07,629 [SAT_02] INFO: Task execution complete. Battery: 20.0%, Status: IDLE
2026-02-26 10:30:07,629 [SAT_03] INFO: Task execution complete. Battery: 20.5%, Status: IDLE
2026-02-26 10:30:07,633 [SAT_03] INFO: Received task: IMAGING at SECTOR_1
2026-02-26 10:30:07,633 [SAT_03] INFO: Task received: IMAGING at SECTOR_1
2026-02-26 10:30:07,633 [SAT_02] INFO: Received task: IMAGING at SECTOR_1
2026-02-26 10:30:07,634 [SAT_03] INFO: My bid score: 10.25
2026-02-26 10:30:07,633 [SAT_01] INFO: Task execution complete. Battery: 20.5%, Status: IDLE
2026-02-26 10:30:07,634 [SAT_02] INFO: Task received: IMAGING at SECTOR_1
2026-02-26 10:30:07,635 [SAT_02] INFO: My bid score: 10.00
2026-02-26 10:30:07,655 [SAT_01] INFO: Received task: IMAGING at SECTOR_1
2026-02-26 10:30:07,655 [SAT_01] INFO: Task received: IMAGING at SECTOR_1
2026-02-26 10:30:07,656 [SAT_01] INFO: My bid score: 10.25
